{"/Users/paulomenezes/Documents/repositories/BoatTest/index.android.js": {"path":"/Users/paulomenezes/Documents/repositories/BoatTest/index.android.js","statementMap":{"0":{"start":{"line":6,"column":17},"end":{"line":6,"column":30}},"1":{"start":{"line":6,"column":23},"end":{"line":6,"column":30}},"2":{"start":{"line":10,"column":0},"end":{"line":10,"column":58}},"3":{"start":{"line":10,"column":48},"end":{"line":10,"column":56}}},"fnMap":{"0":{"name":"(anonymous_0)","decl":{"start":{"line":6,"column":17},"end":{"line":6,"column":18}},"loc":{"start":{"line":6,"column":23},"end":{"line":6,"column":30}},"line":6},"1":{"name":"(anonymous_1)","decl":{"start":{"line":10,"column":42},"end":{"line":10,"column":43}},"loc":{"start":{"line":10,"column":48},"end":{"line":10,"column":56}},"line":10}},"branchMap":{},"s":{"0":1,"1":1,"2":1,"3":0},"f":{"0":1,"1":0},"b":{},"_coverageSchema":"332fd63041d2c1bcb487cc26dd0d5f7d97098a6c","hash":"b371a6048e31490aa4ea44860de2a1075cdac524"}
,"/Users/paulomenezes/Documents/repositories/BoatTest/index.ios.js": {"path":"/Users/paulomenezes/Documents/repositories/BoatTest/index.ios.js","statementMap":{"0":{"start":{"line":6,"column":17},"end":{"line":6,"column":30}},"1":{"start":{"line":6,"column":23},"end":{"line":6,"column":30}},"2":{"start":{"line":10,"column":0},"end":{"line":10,"column":58}},"3":{"start":{"line":10,"column":48},"end":{"line":10,"column":56}}},"fnMap":{"0":{"name":"(anonymous_0)","decl":{"start":{"line":6,"column":17},"end":{"line":6,"column":18}},"loc":{"start":{"line":6,"column":23},"end":{"line":6,"column":30}},"line":6},"1":{"name":"(anonymous_1)","decl":{"start":{"line":10,"column":42},"end":{"line":10,"column":43}},"loc":{"start":{"line":10,"column":48},"end":{"line":10,"column":56}},"line":10}},"branchMap":{},"s":{"0":1,"1":1,"2":1,"3":0},"f":{"0":1,"1":0},"b":{},"_coverageSchema":"332fd63041d2c1bcb487cc26dd0d5f7d97098a6c","hash":"ce5ebe66fea3dad99c10c173125448a3712172fe"}
,"/Users/paulomenezes/Documents/repositories/BoatTest/src/App.js": {"path":"/Users/paulomenezes/Documents/repositories/BoatTest/src/App.js","statementMap":{"0":{"start":{"line":10,"column":12},"end":{"line":34,"column":1}},"1":{"start":{"line":11,"column":2},"end":{"line":33,"column":13}}},"fnMap":{"0":{"name":"(anonymous_0)","decl":{"start":{"line":10,"column":12},"end":{"line":10,"column":13}},"loc":{"start":{"line":11,"column":2},"end":{"line":33,"column":13}},"line":11}},"branchMap":{},"s":{"0":1,"1":1},"f":{"0":1},"b":{},"_coverageSchema":"332fd63041d2c1bcb487cc26dd0d5f7d97098a6c","hash":"37d7584581a6052ca7497c1f77bc0f720d2aea38"}
,"/Users/paulomenezes/Documents/repositories/BoatTest/src/App.styles.js": {"path":"/Users/paulomenezes/Documents/repositories/BoatTest/src/App.styles.js","statementMap":{"0":{"start":{"line":1,"column":0},"end":{"line":31,"column":2}}},"fnMap":{},"branchMap":{},"s":{"0":1},"f":{},"b":{},"_coverageSchema":"332fd63041d2c1bcb487cc26dd0d5f7d97098a6c","hash":"d90a837fe809f1f3fe2fe864da3b017107fc87fe"}
,"/Users/paulomenezes/Documents/repositories/BoatTest/src/configureStore.js": {"path":"/Users/paulomenezes/Documents/repositories/BoatTest/src/configureStore.js","statementMap":{"0":{"start":{"line":4,"column":17},"end":{"line":6,"column":2}}},"fnMap":{},"branchMap":{},"s":{"0":1},"f":{},"b":{},"_coverageSchema":"332fd63041d2c1bcb487cc26dd0d5f7d97098a6c","hash":"e5e2bbe7ec4b2f2d289339edf352365b5f13ea36"}
,"/Users/paulomenezes/Documents/repositories/BoatTest/src/components/Form.styles.js": {"path":"/Users/paulomenezes/Documents/repositories/BoatTest/src/components/Form.styles.js","statementMap":{"0":{"start":{"line":1,"column":0},"end":{"line":25,"column":2}}},"fnMap":{},"branchMap":{},"s":{"0":1},"f":{},"b":{},"_coverageSchema":"332fd63041d2c1bcb487cc26dd0d5f7d97098a6c","hash":"a49269f0f2c2eefd077445d4d5e010db79b7061b"}
,"/Users/paulomenezes/Documents/repositories/BoatTest/src/components/TextEdit.js": {"path":"/Users/paulomenezes/Documents/repositories/BoatTest/src/components/TextEdit.js","statementMap":{"0":{"start":{"line":5,"column":17},"end":{"line":28,"column":1}},"1":{"start":{"line":6,"column":48},"end":{"line":6,"column":53}},"2":{"start":{"line":9,"column":4},"end":{"line":11,"column":25}},"3":{"start":{"line":13,"column":2},"end":{"line":27,"column":4}}},"fnMap":{"0":{"name":"(anonymous_0)","decl":{"start":{"line":5,"column":17},"end":{"line":5,"column":18}},"loc":{"start":{"line":5,"column":26},"end":{"line":28,"column":1}},"line":5}},"branchMap":{"0":{"loc":{"start":{"line":9,"column":4},"end":{"line":11,"column":25}},"type":"cond-expr","locations":[{"start":{"line":10,"column":8},"end":{"line":10,"column":61}},{"start":{"line":11,"column":8},"end":{"line":11,"column":25}}],"line":9},"1":{"loc":{"start":{"line":9,"column":4},"end":{"line":9,"column":32}},"type":"binary-expr","locations":[{"start":{"line":9,"column":4},"end":{"line":9,"column":16}},{"start":{"line":9,"column":20},"end":{"line":9,"column":32}}],"line":9},"2":{"loc":{"start":{"line":10,"column":8},"end":{"line":10,"column":61}},"type":"cond-expr","locations":[{"start":{"line":10,"column":22},"end":{"line":10,"column":39}},{"start":{"line":10,"column":42},"end":{"line":10,"column":61}}],"line":10}},"s":{"0":1,"1":4,"2":4,"3":4},"f":{"0":4},"b":{"0":[2,2],"1":[4,2],"2":[1,1]},"_coverageSchema":"332fd63041d2c1bcb487cc26dd0d5f7d97098a6c","hash":"a667e395390877356b5b9443bfb2dcc826b1d62f"}
,"/Users/paulomenezes/Documents/repositories/BoatTest/src/components/TextEdit.styles.js": {"path":"/Users/paulomenezes/Documents/repositories/BoatTest/src/components/TextEdit.styles.js","statementMap":{"0":{"start":{"line":1,"column":0},"end":{"line":20,"column":2}}},"fnMap":{},"branchMap":{},"s":{"0":2},"f":{},"b":{},"_coverageSchema":"332fd63041d2c1bcb487cc26dd0d5f7d97098a6c","hash":"34f1728ba09f3a8f9eddca1dff4dbc9a2851c849"}
,"/Users/paulomenezes/Documents/repositories/BoatTest/src/components/TextEditIcon.js": {"path":"/Users/paulomenezes/Documents/repositories/BoatTest/src/components/TextEditIcon.js","statementMap":{"0":{"start":{"line":7,"column":21},"end":{"line":31,"column":1}},"1":{"start":{"line":8,"column":48},"end":{"line":8,"column":53}},"2":{"start":{"line":11,"column":4},"end":{"line":13,"column":25}},"3":{"start":{"line":15,"column":2},"end":{"line":30,"column":4}}},"fnMap":{"0":{"name":"(anonymous_0)","decl":{"start":{"line":7,"column":21},"end":{"line":7,"column":22}},"loc":{"start":{"line":7,"column":30},"end":{"line":31,"column":1}},"line":7}},"branchMap":{"0":{"loc":{"start":{"line":11,"column":4},"end":{"line":13,"column":25}},"type":"cond-expr","locations":[{"start":{"line":12,"column":8},"end":{"line":12,"column":61}},{"start":{"line":13,"column":8},"end":{"line":13,"column":25}}],"line":11},"1":{"loc":{"start":{"line":11,"column":4},"end":{"line":11,"column":32}},"type":"binary-expr","locations":[{"start":{"line":11,"column":4},"end":{"line":11,"column":16}},{"start":{"line":11,"column":20},"end":{"line":11,"column":32}}],"line":11},"2":{"loc":{"start":{"line":12,"column":8},"end":{"line":12,"column":61}},"type":"cond-expr","locations":[{"start":{"line":12,"column":22},"end":{"line":12,"column":39}},{"start":{"line":12,"column":42},"end":{"line":12,"column":61}}],"line":12}},"s":{"0":1,"1":4,"2":4,"3":4},"f":{"0":4},"b":{"0":[2,2],"1":[4,2],"2":[1,1]},"_coverageSchema":"332fd63041d2c1bcb487cc26dd0d5f7d97098a6c","hash":"9121b64bb95a39824666013803d6bda9cd2f66df"}
,"/Users/paulomenezes/Documents/repositories/BoatTest/src/components/form.js": {"path":"/Users/paulomenezes/Documents/repositories/BoatTest/src/components/form.js","statementMap":{"0":{"start":{"line":9,"column":24},"end":{"line":9,"column":59}},"1":{"start":{"line":9,"column":34},"end":{"line":9,"column":58}},"2":{"start":{"line":10,"column":25},"end":{"line":11,"column":48}},"3":{"start":{"line":10,"column":32},"end":{"line":11,"column":48}},"4":{"start":{"line":11,"column":2},"end":{"line":11,"column":48}},"5":{"start":{"line":12,"column":23},"end":{"line":13,"column":48}},"6":{"start":{"line":13,"column":2},"end":{"line":13,"column":48}},"7":{"start":{"line":14,"column":28},"end":{"line":15,"column":58}},"8":{"start":{"line":15,"column":2},"end":{"line":15,"column":58}},"9":{"start":{"line":16,"column":19},"end":{"line":16,"column":31}},"10":{"start":{"line":17,"column":19},"end":{"line":17,"column":31}},"11":{"start":{"line":19,"column":13},"end":{"line":51,"column":1}},"12":{"start":{"line":20,"column":2},"end":{"line":50,"column":9}}},"fnMap":{"0":{"name":"(anonymous_0)","decl":{"start":{"line":9,"column":24},"end":{"line":9,"column":25}},"loc":{"start":{"line":9,"column":34},"end":{"line":9,"column":58}},"line":9},"1":{"name":"(anonymous_1)","decl":{"start":{"line":10,"column":25},"end":{"line":10,"column":26}},"loc":{"start":{"line":10,"column":32},"end":{"line":11,"column":48}},"line":10},"2":{"name":"(anonymous_2)","decl":{"start":{"line":10,"column":32},"end":{"line":10,"column":33}},"loc":{"start":{"line":11,"column":2},"end":{"line":11,"column":48}},"line":11},"3":{"name":"(anonymous_3)","decl":{"start":{"line":12,"column":23},"end":{"line":12,"column":24}},"loc":{"start":{"line":13,"column":2},"end":{"line":13,"column":48}},"line":13},"4":{"name":"(anonymous_4)","decl":{"start":{"line":14,"column":28},"end":{"line":14,"column":29}},"loc":{"start":{"line":15,"column":2},"end":{"line":15,"column":58}},"line":15},"5":{"name":"(anonymous_5)","decl":{"start":{"line":19,"column":13},"end":{"line":19,"column":14}},"loc":{"start":{"line":20,"column":2},"end":{"line":50,"column":9}},"line":20}},"branchMap":{"0":{"loc":{"start":{"line":9,"column":34},"end":{"line":9,"column":58}},"type":"cond-expr","locations":[{"start":{"line":9,"column":42},"end":{"line":9,"column":51}},{"start":{"line":9,"column":54},"end":{"line":9,"column":58}}],"line":9},"1":{"loc":{"start":{"line":11,"column":2},"end":{"line":11,"column":48}},"type":"cond-expr","locations":[{"start":{"line":11,"column":32},"end":{"line":11,"column":36}},{"start":{"line":11,"column":39},"end":{"line":11,"column":48}}],"line":11},"2":{"loc":{"start":{"line":11,"column":2},"end":{"line":11,"column":29}},"type":"binary-expr","locations":[{"start":{"line":11,"column":2},"end":{"line":11,"column":7}},{"start":{"line":11,"column":11},"end":{"line":11,"column":29}}],"line":11},"3":{"loc":{"start":{"line":13,"column":2},"end":{"line":13,"column":48}},"type":"cond-expr","locations":[{"start":{"line":13,"column":32},"end":{"line":13,"column":36}},{"start":{"line":13,"column":39},"end":{"line":13,"column":48}}],"line":13},"4":{"loc":{"start":{"line":13,"column":2},"end":{"line":13,"column":29}},"type":"binary-expr","locations":[{"start":{"line":13,"column":2},"end":{"line":13,"column":7}},{"start":{"line":13,"column":11},"end":{"line":13,"column":29}}],"line":13},"5":{"loc":{"start":{"line":15,"column":2},"end":{"line":15,"column":58}},"type":"cond-expr","locations":[{"start":{"line":15,"column":42},"end":{"line":15,"column":46}},{"start":{"line":15,"column":49},"end":{"line":15,"column":58}}],"line":15},"6":{"loc":{"start":{"line":15,"column":2},"end":{"line":15,"column":39}},"type":"binary-expr","locations":[{"start":{"line":15,"column":2},"end":{"line":15,"column":7}},{"start":{"line":15,"column":11},"end":{"line":15,"column":39}}],"line":15}},"s":{"0":1,"1":9,"2":1,"3":8,"4":6,"5":1,"6":2,"7":1,"8":2,"9":1,"10":1,"11":1,"12":1},"f":{"0":9,"1":8,"2":6,"3":2,"4":2,"5":1},"b":{"0":[3,6],"1":[3,3],"2":[6,6],"3":[1,1],"4":[2,2],"5":[1,1],"6":[2,2]},"_coverageSchema":"332fd63041d2c1bcb487cc26dd0d5f7d97098a6c","hash":"ccd4c796a9a6d8989770d1600a0a8f439a6eb8ef"}
}
