TN:
SF:/Users/paulomenezes/Documents/repositories/BoatTest/index.android.js
FN:6,(anonymous_0)
FN:10,(anonymous_1)
FNF:2
FNH:1
FNDA:1,(anonymous_0)
FNDA:0,(anonymous_1)
DA:6,1
DA:10,1
LF:2
LH:2
BRF:0
BRH:0
end_of_record
TN:
SF:/Users/paulomenezes/Documents/repositories/BoatTest/index.ios.js
FN:6,(anonymous_0)
FN:10,(anonymous_1)
FNF:2
FNH:1
FNDA:1,(anonymous_0)
FNDA:0,(anonymous_1)
DA:6,1
DA:10,1
LF:2
LH:2
BRF:0
BRH:0
end_of_record
TN:
SF:/Users/paulomenezes/Documents/repositories/BoatTest/src/App.js
FN:10,(anonymous_0)
FNF:1
FNH:1
FNDA:1,(anonymous_0)
DA:10,1
DA:11,1
LF:2
LH:2
BRF:0
BRH:0
end_of_record
TN:
SF:/Users/paulomenezes/Documents/repositories/BoatTest/src/App.styles.js
FNF:0
FNH:0
DA:1,1
LF:1
LH:1
BRF:0
BRH:0
end_of_record
TN:
SF:/Users/paulomenezes/Documents/repositories/BoatTest/src/configureStore.js
FNF:0
FNH:0
DA:4,1
LF:1
LH:1
BRF:0
BRH:0
end_of_record
TN:
SF:/Users/paulomenezes/Documents/repositories/BoatTest/src/components/Form.styles.js
FNF:0
FNH:0
DA:1,1
LF:1
LH:1
BRF:0
BRH:0
end_of_record
TN:
SF:/Users/paulomenezes/Documents/repositories/BoatTest/src/components/TextEdit.js
FN:5,(anonymous_0)
FNF:1
FNH:1
FNDA:4,(anonymous_0)
DA:5,1
DA:6,4
DA:9,4
DA:13,4
LF:4
LH:4
BRDA:9,0,0,2
BRDA:9,0,1,2
BRDA:9,1,0,4
BRDA:9,1,1,2
BRDA:10,2,0,1
BRDA:10,2,1,1
BRF:6
BRH:6
end_of_record
TN:
SF:/Users/paulomenezes/Documents/repositories/BoatTest/src/components/TextEdit.styles.js
FNF:0
FNH:0
DA:1,2
LF:1
LH:1
BRF:0
BRH:0
end_of_record
TN:
SF:/Users/paulomenezes/Documents/repositories/BoatTest/src/components/TextEditIcon.js
FN:7,(anonymous_0)
FNF:1
FNH:1
FNDA:4,(anonymous_0)
DA:7,1
DA:8,4
DA:11,4
DA:15,4
LF:4
LH:4
BRDA:11,0,0,2
BRDA:11,0,1,2
BRDA:11,1,0,4
BRDA:11,1,1,2
BRDA:12,2,0,1
BRDA:12,2,1,1
BRF:6
BRH:6
end_of_record
TN:
SF:/Users/paulomenezes/Documents/repositories/BoatTest/src/components/form.js
FN:9,(anonymous_0)
FN:10,(anonymous_1)
FN:10,(anonymous_2)
FN:12,(anonymous_3)
FN:14,(anonymous_4)
FN:19,(anonymous_5)
FNF:6
FNH:6
FNDA:9,(anonymous_0)
FNDA:8,(anonymous_1)
FNDA:6,(anonymous_2)
FNDA:2,(anonymous_3)
FNDA:2,(anonymous_4)
FNDA:1,(anonymous_5)
DA:9,9
DA:10,8
DA:11,6
DA:12,1
DA:13,2
DA:14,1
DA:15,2
DA:16,1
DA:17,1
DA:19,1
DA:20,1
LF:11
LH:11
BRDA:9,0,0,3
BRDA:9,0,1,6
BRDA:11,1,0,3
BRDA:11,1,1,3
BRDA:11,2,0,6
BRDA:11,2,1,6
BRDA:13,3,0,1
BRDA:13,3,1,1
BRDA:13,4,0,2
BRDA:13,4,1,2
BRDA:15,5,0,1
BRDA:15,5,1,1
BRDA:15,6,0,2
BRDA:15,6,1,2
BRF:14
BRH:14
end_of_record
